<?xml version="1.0" encoding="UTF-8"?>
<!-- Generated by org.testng.reporters.JUnitXMLReporter -->
<testsuite ignored="1" hostname="INFOSEUM33" failures="0" tests="11" name="Default test" time="0.144" errors="0" timestamp="2023-06-29T16:02:02 GMT-04:00">
  <testcase classname="TestNG.P1_TestsScripts" name="aTestCase" time="0.012"/>
  <testcase classname="TestNG.P1_TestsScripts" name="aTestCase" time="0.002"/>
  <testcase classname="TestNG.P1_TestsScripts" name="aTestCase" time="0.003"/>
  <testcase classname="TestNG.P1_TestsScripts" name="aTestCase" time="0.001"/>
  <testcase classname="TestNG.P1_TestsScripts" name="aTestCase" time="0.01"/>
  <testcase classname="TestNG.P1_TestsScripts" name="aTestCase" time="0.002"/>
  <testcase classname="TestNG.P1_TestsScripts" name="aTestCase" time="0.003"/>
  <testcase classname="TestNG.P1_TestsScripts" name="aTestCase" time="0.003"/>
  <testcase classname="TestNG.P1_TestsScripts" name="aTestCase" time="0.002"/>
  <testcase classname="TestNG.P1_TestsScripts" name="aTestCase" time="0.002"/>
  <testcase classname="TestNG.P1_TestsScripts" name="bTestCase" time="0.002"/>
  <testcase classname="TestNG.P1_TestsScripts" name="testcase" time="0.0">
    <ignored/>
  </testcase> <!-- testcase -->
</testsuite> <!-- Default test -->
