<?xml version="1.0" encoding="UTF-8"?>
<testng-results ignored="0" total="11" passed="11" failed="0" skipped="0">
  <reporter-output>
  </reporter-output>
  <suite started-at="2023-06-29T16:02:02 GMT-04:00" name="Default suite" finished-at="2023-06-29T16:02:02 GMT-04:00" duration-ms="144">
    <groups>
    </groups>
    <test started-at="2023-06-29T16:02:02 GMT-04:00" name="Default test" finished-at="2023-06-29T16:02:02 GMT-04:00" duration-ms="144">
      <class name="TestNG.P1_TestsScripts">
        <test-method signature="aTestCase()[pri:1, instance:TestNG.P1_TestsScripts@563f38c4]" started-at="2023-06-29T16:02:02 GMT-04:00" name="aTestCase" finished-at="2023-06-29T16:02:02 GMT-04:00" duration-ms="12" status="PASS">
          <reporter-output>
          </reporter-output>
        </test-method> <!-- aTestCase -->
        <test-method signature="aTestCase()[pri:1, instance:TestNG.P1_TestsScripts@563f38c4]" started-at="2023-06-29T16:02:02 GMT-04:00" name="aTestCase" finished-at="2023-06-29T16:02:02 GMT-04:00" duration-ms="2" status="PASS">
          <reporter-output>
          </reporter-output>
        </test-method> <!-- aTestCase -->
        <test-method signature="aTestCase()[pri:1, instance:TestNG.P1_TestsScripts@563f38c4]" started-at="2023-06-29T16:02:02 GMT-04:00" name="aTestCase" finished-at="2023-06-29T16:02:02 GMT-04:00" duration-ms="3" status="PASS">
          <reporter-output>
          </reporter-output>
        </test-method> <!-- aTestCase -->
        <test-method signature="aTestCase()[pri:1, instance:TestNG.P1_TestsScripts@563f38c4]" started-at="2023-06-29T16:02:02 GMT-04:00" name="aTestCase" finished-at="2023-06-29T16:02:02 GMT-04:00" duration-ms="1" status="PASS">
          <reporter-output>
          </reporter-output>
        </test-method> <!-- aTestCase -->
        <test-method signature="aTestCase()[pri:1, instance:TestNG.P1_TestsScripts@563f38c4]" started-at="2023-06-29T16:02:02 GMT-04:00" name="aTestCase" finished-at="2023-06-29T16:02:02 GMT-04:00" duration-ms="10" status="PASS">
          <reporter-output>
          </reporter-output>
        </test-method> <!-- aTestCase -->
        <test-method signature="aTestCase()[pri:1, instance:TestNG.P1_TestsScripts@563f38c4]" started-at="2023-06-29T16:02:02 GMT-04:00" name="aTestCase" finished-at="2023-06-29T16:02:02 GMT-04:00" duration-ms="2" status="PASS">
          <reporter-output>
          </reporter-output>
        </test-method> <!-- aTestCase -->
        <test-method signature="aTestCase()[pri:1, instance:TestNG.P1_TestsScripts@563f38c4]" started-at="2023-06-29T16:02:02 GMT-04:00" name="aTestCase" finished-at="2023-06-29T16:02:02 GMT-04:00" duration-ms="3" status="PASS">
          <reporter-output>
          </reporter-output>
        </test-method> <!-- aTestCase -->
        <test-method signature="aTestCase()[pri:1, instance:TestNG.P1_TestsScripts@563f38c4]" started-at="2023-06-29T16:02:02 GMT-04:00" name="aTestCase" finished-at="2023-06-29T16:02:02 GMT-04:00" duration-ms="3" status="PASS">
          <reporter-output>
          </reporter-output>
        </test-method> <!-- aTestCase -->
        <test-method signature="aTestCase()[pri:1, instance:TestNG.P1_TestsScripts@563f38c4]" started-at="2023-06-29T16:02:02 GMT-04:00" name="aTestCase" finished-at="2023-06-29T16:02:02 GMT-04:00" duration-ms="2" status="PASS">
          <reporter-output>
          </reporter-output>
        </test-method> <!-- aTestCase -->
        <test-method signature="aTestCase()[pri:1, instance:TestNG.P1_TestsScripts@563f38c4]" started-at="2023-06-29T16:02:02 GMT-04:00" name="aTestCase" finished-at="2023-06-29T16:02:02 GMT-04:00" duration-ms="2" status="PASS">
          <reporter-output>
          </reporter-output>
        </test-method> <!-- aTestCase -->
        <test-method signature="bTestCase()[pri:2, instance:TestNG.P1_TestsScripts@563f38c4]" started-at="2023-06-29T16:02:02 GMT-04:00" name="bTestCase" finished-at="2023-06-29T16:02:02 GMT-04:00" duration-ms="2" status="PASS">
          <reporter-output>
          </reporter-output>
        </test-method> <!-- bTestCase -->
      </class> <!-- TestNG.P1_TestsScripts -->
    </test> <!-- Default test -->
  </suite> <!-- Default suite -->
</testng-results>
