<?xml version="1.0" encoding="UTF-8"?>
<!-- Generated by org.testng.reporters.JUnitXMLReporter -->
<testsuite ignored="3" hostname="INFOSEUM33" failures="2" tests="2" name="Default test(failed)" time="0.083" errors="0" timestamp="2023-06-27T12:37:49 GMT-04:00">
  <testcase classname="TestNG.p2_TestScript2" name="urlValidation" time="0.007">
    <failure type="java.lang.NullPointerException" message="Cannot invoke &amp;quot;org.openqa.selenium.WebDriver.getCurrentUrl()&amp;quot; because &amp;quot;TestNG.p2_TestScript2.driver&amp;quot; is null">
      <![CDATA[java.lang.NullPointerException: Cannot invoke "org.openqa.selenium.WebDriver.getCurrentUrl()" because "TestNG.p2_TestScript2.driver" is null
at TestNG.p2_TestScript2.urlValidation(p2_TestScript2.java:40)
at java.base/java.util.ArrayList.forEach(ArrayList.java:1511)
... Removed 27 stack frames]]>
    </failure>
  </testcase> <!-- urlValidation -->
  <testcase classname="TestNG.p2_TestScript2" name="titleValidation" time="0.003">
    <failure type="java.lang.NullPointerException" message="Cannot invoke &amp;quot;org.openqa.selenium.WebDriver.getTitle()&amp;quot; because &amp;quot;TestNG.p2_TestScript2.driver&amp;quot; is null">
      <![CDATA[java.lang.NullPointerException: Cannot invoke "org.openqa.selenium.WebDriver.getTitle()" because "TestNG.p2_TestScript2.driver" is null
at TestNG.p2_TestScript2.titleValidation(p2_TestScript2.java:50)
at java.base/java.util.ArrayList.forEach(ArrayList.java:1511)
... Removed 27 stack frames]]>
    </failure>
  </testcase> <!-- titleValidation -->
  <testcase classname="TestNG.p2_TestScript2" name="browserLaunch" time="0.0">
    <ignored/>
  </testcase> <!-- browserLaunch -->
  <testcase classname="TestNG.p2_TestScript2" name="loginValidation" time="0.0">
    <ignored/>
  </testcase> <!-- loginValidation -->
  <testcase classname="TestNG.p2_TestScript2" name="tearDown" time="0.0">
    <ignored/>
  </testcase> <!-- tearDown -->
</testsuite> <!-- Default test(failed) -->
